<?xml version="1.0" encoding="UTF-8"?>
<testng-results skipped="0" failed="0" total="2" passed="2">
  <reporter-output>
  </reporter-output>
  <suite name="Default suite" duration-ms="405" started-at="2019-04-02T05:34:19Z" finished-at="2019-04-02T05:34:19Z">
    <groups>
    </groups>
    <test name="Default test" duration-ms="405" started-at="2019-04-02T05:34:19Z" finished-at="2019-04-02T05:34:19Z">
      <class name="tests.GetData">
        <test-method status="PASS" signature="test1(java.lang.String, java.lang.String)[pri:0, instance:tests.GetData@48aaecc3]" name="test1" duration-ms="12" started-at="2019-04-02T11:04:19Z" data-provider="data" finished-at="2019-04-02T11:04:19Z">
          <params>
            <param index="0">
              <value>
                <![CDATA[Muttu]]>
              </value>
            </param>
            <param index="1">
              <value>
                <![CDATA[Hulagabal]]>
              </value>
            </param>
          </params>
          <reporter-output>
          </reporter-output>
        </test-method> <!-- test1 -->
        <test-method status="PASS" signature="test1(java.lang.String, java.lang.String)[pri:0, instance:tests.GetData@48aaecc3]" name="test1" duration-ms="1" started-at="2019-04-02T11:04:19Z" data-provider="data" finished-at="2019-04-02T11:04:19Z">
          <params>
            <param index="0">
              <value>
                <![CDATA[123]]>
              </value>
            </param>
            <param index="1">
              <value>
                <![CDATA[123]]>
              </value>
            </param>
          </params>
          <reporter-output>
          </reporter-output>
        </test-method> <!-- test1 -->
      </class> <!-- tests.GetData -->
    </test> <!-- Default test -->
  </suite> <!-- Default suite -->
</testng-results>
